<?xml version="1.0" encoding="UTF-8"?>
<!-- Generated by org.testng.reporters.JUnitXMLReporter -->
<testsuite ignored="0" hostname="WINDOWS-R8SKFHD" failures="0" tests="2" name="ShoecluesShoeNamePricePageTest" time="38.342" errors="0" timestamp="29 Nov 2021 06:06:19 GMT">
  <testcase classname="com.qa.shopclues.Tests.shopclues_ShoeNamePriceTest" name="ValidateTitleTest" time="0.034"/>
  <testcase classname="com.qa.shopclues.Tests.shopclues_ShoeNamePriceTest" name="shoeNamePriceTest" time="28.831"/>
</testsuite> <!-- ShoecluesShoeNamePricePageTest -->
