<?xml version="1.0" encoding="UTF-8"?>
<!-- Generated by org.testng.reporters.JUnitXMLReporter -->
<testsuite ignored="0" hostname="WINDOWS-R8SKFHD" failures="0" tests="2" name="ShopcluesLoginPageTest" time="42.492" errors="0" timestamp="29 Nov 2021 06:30:10 GMT">
  <testcase classname="com.qa.shopclues.Tests.shopclues_LoginPageTest" name="ValidateTitleTest" time="0.026"/>
  <testcase classname="com.qa.shopclues.Tests.shopclues_LoginPageTest" name="LoginTest" time="34.947"/>
</testsuite> <!-- ShopcluesLoginPageTest -->
