<?xml version="1.0" encoding="UTF-8"?>
<!-- Generated by org.testng.reporters.JUnitXMLReporter -->
<testsuite ignored="0" hostname="WINDOWS-R8SKFHD" failures="0" tests="2" name="ShopcluesShoeNamePricePageTest" time="37.871" errors="0" timestamp="29 Nov 2021 06:31:17 GMT">
  <testcase classname="com.qa.shopclues.Tests.shopclues_ShoeNamePriceTest" name="ValidateTitleTest" time="0.02"/>
  <testcase classname="com.qa.shopclues.Tests.shopclues_ShoeNamePriceTest" name="shoeNamePriceTest" time="28.071"/>
</testsuite> <!-- ShopcluesShoeNamePricePageTest -->
