<?xml version="1.0" encoding="UTF-8"?>
<!-- Generated by org.testng.reporters.JUnitXMLReporter -->
<testsuite ignored="0" hostname="WINDOWS-R8SKFHD" failures="0" tests="2" name="ShopcluesSearchShoesPageTest" time="29.154" errors="0" timestamp="29 Nov 2021 06:30:40 GMT">
  <testcase classname="com.qa.shopclues.Tests.shopclues_SearchShoesTest" name="ValidateTitleTest" time="0.009"/>
  <testcase classname="com.qa.shopclues.Tests.shopclues_SearchShoesTest" name="LoginTest" time="20.462"/>
</testsuite> <!-- ShopcluesSearchShoesPageTest -->
