<?xml version="1.0" encoding="UTF-8"?>
<!-- Generated by org.testng.reporters.JUnitXMLReporter -->
<testsuite ignored="0" hostname="WINDOWS-R8SKFHD" failures="0" tests="2" name="ShopcluesSearchHeadphonesPageTest" time="32.753" errors="0" timestamp="29 Nov 2021 06:31:50 GMT">
  <testcase classname="com.qa.shopclues.Tests.shopclues_SearchHeadphonesTest" name="ValidateTitleTest" time="0.009"/>
  <testcase classname="com.qa.shopclues.Tests.shopclues_SearchHeadphonesTest" name="headphoneTest" time="25.993"/>
</testsuite> <!-- ShopcluesSearchHeadphonesPageTest -->
