<?xml version="1.0" encoding="UTF-8"?>
<!-- Generated by org.testng.reporters.JUnitXMLReporter -->
<testsuite ignored="0" hostname="WINDOWS-R8SKFHD" failures="0" tests="2" name="Default test" time="77.17" errors="0" timestamp="27 Nov 2021 10:24:07 GMT">
  <testcase classname="com.qa.shopclues.Tests.shopclues_LoginPageTest" name="ValidateTitleTest" time="0.066"/>
  <testcase classname="com.qa.shopclues.Tests.shopclues_LoginPageTest" name="LoginTest" time="51.833"/>
</testsuite> <!-- Default test -->
