<?xml version="1.0" encoding="UTF-8"?>
<testng-results ignored="0" total="8" passed="8" failed="0" skipped="0">
  <reporter-output>
  </reporter-output>
  <suite started-at="2021-11-29T06:29:28Z" name="ShopcluesTesting" finished-at="2021-11-29T06:31:50Z" duration-ms="142411">
    <groups>
    </groups>
    <test started-at="2021-11-29T06:29:28Z" name="ShopcluesLoginPageTest" finished-at="2021-11-29T06:30:10Z" duration-ms="42492">
      <class name="com.qa.shopclues.Tests.shopclues_LoginPageTest">
        <test-method is-config="true" signature="startBrowser()[pri:0, instance:com.qa.shopclues.Tests.shopclues_LoginPageTest@934b6cb]" started-at="2021-11-29T06:29:28Z" name="startBrowser" finished-at="2021-11-29T06:29:35Z" duration-ms="7185" status="PASS">
          <reporter-output>
          </reporter-output>
        </test-method> <!-- startBrowser -->
        <test-method signature="ValidateTitleTest()[pri:49, instance:com.qa.shopclues.Tests.shopclues_LoginPageTest@934b6cb]" started-at="2021-11-29T06:29:35Z" name="ValidateTitleTest" description="Validating Title Test" finished-at="2021-11-29T06:29:35Z" duration-ms="26" status="PASS">
          <reporter-output>
          </reporter-output>
        </test-method> <!-- ValidateTitleTest -->
        <test-method signature="LoginTest(java.lang.String, java.lang.String, java.lang.String)[pri:50, instance:com.qa.shopclues.Tests.shopclues_LoginPageTest@934b6cb]" started-at="2021-11-29T06:29:35Z" name="LoginTest" description="Validating Login Input Values" finished-at="2021-11-29T06:30:10Z" duration-ms="34947" status="PASS">
          <params>
            <param index="0">
              <value>
                <![CDATA[123456]]>
              </value>
            </param>
            <param index="1">
              <value>
                <![CDATA[1234567890]]>
              </value>
            </param>
            <param index="2">
              <value>
                <![CDATA[9704584916]]>
              </value>
            </param>
          </params>
          <reporter-output>
          </reporter-output>
        </test-method> <!-- LoginTest -->
        <test-method is-config="true" signature="closeTest()[pri:0, instance:com.qa.shopclues.Tests.shopclues_LoginPageTest@934b6cb]" started-at="2021-11-29T06:30:10Z" name="closeTest" finished-at="2021-11-29T06:30:10Z" duration-ms="290" status="PASS">
          <reporter-output>
          </reporter-output>
        </test-method> <!-- closeTest -->
      </class> <!-- com.qa.shopclues.Tests.shopclues_LoginPageTest -->
    </test> <!-- ShopcluesLoginPageTest -->
    <test started-at="2021-11-29T06:30:10Z" name="ShopcluesSearchShoesPageTest" finished-at="2021-11-29T06:30:40Z" duration-ms="29154">
      <class name="com.qa.shopclues.Tests.shopclues_SearchShoesTest">
        <test-method is-config="true" signature="startBrowser()[pri:0, instance:com.qa.shopclues.Tests.shopclues_SearchShoesTest@4eaf3684]" started-at="2021-11-29T06:30:10Z" name="startBrowser" finished-at="2021-11-29T06:30:17Z" duration-ms="6607" status="PASS">
          <reporter-output>
          </reporter-output>
        </test-method> <!-- startBrowser -->
        <test-method signature="ValidateTitleTest()[pri:49, instance:com.qa.shopclues.Tests.shopclues_SearchShoesTest@4eaf3684]" started-at="2021-11-29T06:30:17Z" name="ValidateTitleTest" description="Validating Title Test" finished-at="2021-11-29T06:30:17Z" duration-ms="9" status="PASS">
          <reporter-output>
          </reporter-output>
        </test-method> <!-- ValidateTitleTest -->
        <test-method signature="LoginTest(java.lang.String)[pri:50, instance:com.qa.shopclues.Tests.shopclues_SearchShoesTest@4eaf3684]" started-at="2021-11-29T06:30:17Z" name="LoginTest" description="Validating Login Input Values" finished-at="2021-11-29T06:30:37Z" duration-ms="20462" status="PASS">
          <params>
            <param index="0">
              <value>
                <![CDATA[Nike Shoes]]>
              </value>
            </param>
          </params>
          <reporter-output>
          </reporter-output>
        </test-method> <!-- LoginTest -->
        <test-method is-config="true" signature="closeTest()[pri:0, instance:com.qa.shopclues.Tests.shopclues_SearchShoesTest@4eaf3684]" started-at="2021-11-29T06:30:37Z" name="closeTest" finished-at="2021-11-29T06:30:40Z" duration-ms="2068" status="PASS">
          <reporter-output>
          </reporter-output>
        </test-method> <!-- closeTest -->
      </class> <!-- com.qa.shopclues.Tests.shopclues_SearchShoesTest -->
    </test> <!-- ShopcluesSearchShoesPageTest -->
    <test started-at="2021-11-29T06:30:40Z" name="ShopcluesShoeNamePricePageTest" finished-at="2021-11-29T06:31:17Z" duration-ms="37871">
      <class name="com.qa.shopclues.Tests.shopclues_ShoeNamePriceTest">
        <test-method is-config="true" signature="startBrowser()[pri:0, instance:com.qa.shopclues.Tests.shopclues_ShoeNamePriceTest@2ce6c6ec]" started-at="2021-11-29T06:30:40Z" name="startBrowser" finished-at="2021-11-29T06:30:47Z" duration-ms="7680" status="PASS">
          <reporter-output>
          </reporter-output>
        </test-method> <!-- startBrowser -->
        <test-method signature="ValidateTitleTest()[pri:49, instance:com.qa.shopclues.Tests.shopclues_ShoeNamePriceTest@2ce6c6ec]" started-at="2021-11-29T06:30:47Z" name="ValidateTitleTest" description="Validating Title Test" finished-at="2021-11-29T06:30:47Z" duration-ms="20" status="PASS">
          <reporter-output>
          </reporter-output>
        </test-method> <!-- ValidateTitleTest -->
        <test-method signature="shoeNamePriceTest(java.lang.String)[pri:50, instance:com.qa.shopclues.Tests.shopclues_ShoeNamePriceTest@2ce6c6ec]" started-at="2021-11-29T06:30:47Z" name="shoeNamePriceTest" description="Validating Login Input Values" finished-at="2021-11-29T06:31:15Z" duration-ms="28071" status="PASS">
          <params>
            <param index="0">
              <value>
                <![CDATA[Nike Shoes]]>
              </value>
            </param>
          </params>
          <reporter-output>
          </reporter-output>
        </test-method> <!-- shoeNamePriceTest -->
        <test-method is-config="true" signature="closeTest()[pri:0, instance:com.qa.shopclues.Tests.shopclues_ShoeNamePriceTest@2ce6c6ec]" started-at="2021-11-29T06:31:15Z" name="closeTest" finished-at="2021-11-29T06:31:17Z" duration-ms="2085" status="PASS">
          <reporter-output>
          </reporter-output>
        </test-method> <!-- closeTest -->
      </class> <!-- com.qa.shopclues.Tests.shopclues_ShoeNamePriceTest -->
    </test> <!-- ShopcluesShoeNamePricePageTest -->
    <test started-at="2021-11-29T06:31:17Z" name="ShopcluesSearchHeadphonesPageTest" finished-at="2021-11-29T06:31:50Z" duration-ms="32753">
      <class name="com.qa.shopclues.Tests.shopclues_SearchHeadphonesTest">
        <test-method is-config="true" signature="startBrowser()[pri:0, instance:com.qa.shopclues.Tests.shopclues_SearchHeadphonesTest@50dfbc58]" started-at="2021-11-29T06:31:17Z" name="startBrowser" finished-at="2021-11-29T06:31:24Z" duration-ms="6655" status="PASS">
          <reporter-output>
          </reporter-output>
        </test-method> <!-- startBrowser -->
        <test-method signature="ValidateTitleTest()[pri:49, instance:com.qa.shopclues.Tests.shopclues_SearchHeadphonesTest@50dfbc58]" started-at="2021-11-29T06:31:24Z" name="ValidateTitleTest" description="Validating Title Test" finished-at="2021-11-29T06:31:24Z" duration-ms="9" status="PASS">
          <reporter-output>
          </reporter-output>
        </test-method> <!-- ValidateTitleTest -->
        <test-method signature="headphoneTest(java.lang.String)[pri:50, instance:com.qa.shopclues.Tests.shopclues_SearchHeadphonesTest@50dfbc58]" started-at="2021-11-29T06:31:24Z" name="headphoneTest" description="Validating Login Input Values" finished-at="2021-11-29T06:31:50Z" duration-ms="25993" status="PASS">
          <params>
            <param index="0">
              <value>
                <![CDATA[headphones]]>
              </value>
            </param>
          </params>
          <reporter-output>
          </reporter-output>
        </test-method> <!-- headphoneTest -->
        <test-method is-config="true" signature="closeTest()[pri:0, instance:com.qa.shopclues.Tests.shopclues_SearchHeadphonesTest@50dfbc58]" started-at="2021-11-29T06:31:50Z" name="closeTest" finished-at="2021-11-29T06:31:50Z" duration-ms="90" status="PASS">
          <reporter-output>
          </reporter-output>
        </test-method> <!-- closeTest -->
      </class> <!-- com.qa.shopclues.Tests.shopclues_SearchHeadphonesTest -->
    </test> <!-- ShopcluesSearchHeadphonesPageTest -->
  </suite> <!-- ShopcluesTesting -->
</testng-results>
